<?xml version="1.0" encoding="UTF-8"?>
<!-- Generated by org.testng.reporters.JUnitXMLReporter -->
<testsuite ignored="0" hostname="Dev-SurajP-TR5" failures="0" tests="7" name="Default test" time="10.61" errors="0" timestamp="2025-12-05T11:52:27 IST">
  <testcase classname="test.TC_001loginTest" name="login" time="1.541"/>
  <testcase classname="test.TC_001loginTest" name="login" time="0.907"/>
  <testcase classname="test.TC_001loginTest" name="login" time="0.825"/>
  <testcase classname="test.TC_001loginTest" name="login" time="0.841"/>
  <testcase classname="test.TC_001loginTest" name="login" time="0.95"/>
  <testcase classname="test.TC_001loginTest" name="login" time="1.214"/>
  <testcase classname="test.TC_001loginTest" name="login" time="2.884"/>
</testsuite> <!-- Default test -->
