<?xml version="1.0" encoding="UTF-8"?>
<!-- Generated by org.testng.reporters.JUnitXMLReporter -->
<testsuite ignored="2" hostname="Dev-SurajP-TR5" failures="1" tests="8" name="Login Tests" time="10.078" errors="0" timestamp="2025-12-04T15:06:31 IST">
  <testcase classname="test.TC_001loginTest" name="login" time="1.454"/>
  <testcase classname="test.TC_001loginTest" name="login" time="0.894"/>
  <testcase classname="test.TC_001loginTest" name="login" time="0.89"/>
  <testcase classname="test.TC_001loginTest" name="login" time="0.799"/>
  <testcase classname="test.TC_001loginTest" name="login" time="0.858"/>
  <testcase classname="test.TC_001loginTest" name="login" time="1.072"/>
  <testcase classname="test.TC_001loginTest" name="login" time="2.847"/>
  <testcase classname="test.TC_002OrderreScheduling" name="OrderRescheduling" time="0.038">
    <failure type="java.lang.IllegalArgumentException" message="Driver must be set">
      <![CDATA[java.lang.IllegalArgumentException: Driver must be set
at org.openqa.selenium.internal.Require.nonNull(Require.java:61)
at org.openqa.selenium.interactions.Actions.<init>(Actions.java:64)
at org.openqa.selenium.interactions.Actions.<init>(Actions.java:60)
at utils.ActionUtil.<init>(ActionUtil.java:15)
at pages.OrderRescheduling.<init>(OrderRescheduling.java:14)
at test.TC_002OrderreScheduling.OrderRescheduling(TC_002OrderreScheduling.java:14)
at java.base/java.util.ArrayList.forEach(ArrayList.java:1596)
... Removed 25 stack frames]]>
    </failure>
  </testcase> <!-- OrderRescheduling -->
  <testcase classname="base.BaseClass" name="@BeforeSuite setUp" time="0.0">
    <ignored/>
  </testcase> <!-- @BeforeSuite setUp -->
  <testcase classname="base.BaseClass" name="@AfterSuite tearDown" time="0.0">
    <ignored/>
  </testcase> <!-- @AfterSuite tearDown -->
</testsuite> <!-- Login Tests -->
