<?xml version="1.0" encoding="UTF-8"?>
<!-- Generated by org.testng.reporters.JUnitXMLReporter -->
<testsuite ignored="2" hostname="Dev-SurajP-TR5" failures="1" tests="8" name="Login Tests" time="11.666" errors="0" timestamp="2025-11-26T14:57:32 IST">
  <testcase classname="test.TC_001loginTest" name="login" time="1.431"/>
  <testcase classname="test.TC_001loginTest" name="login" time="0.972"/>
  <testcase classname="test.TC_001loginTest" name="login" time="1.033"/>
  <testcase classname="test.TC_001loginTest" name="login" time="1.042"/>
  <testcase classname="test.TC_001loginTest" name="login" time="1.208"/>
  <testcase classname="test.TC_001loginTest" name="login" time="1.252"/>
  <testcase classname="test.TC_001loginTest" name="login" time="3.266"/>
  <testcase classname="test.TC_002OrderreScheduling" name="OrderRescheduling" time="0.007">
    <failure type="java.lang.IllegalArgumentException" message="Driver must be set">
      <![CDATA[java.lang.IllegalArgumentException: Driver must be set
at org.openqa.selenium.internal.Require.nonNull(Require.java:61)
at org.openqa.selenium.interactions.Actions.<init>(Actions.java:59)
at utils.ActionUtil.<init>(ActionUtil.java:15)
at pages.OrderRescheduling.<init>(OrderRescheduling.java:14)
at test.TC_002OrderreScheduling.OrderRescheduling(TC_002OrderreScheduling.java:14)
at java.base/java.util.ArrayList.forEach(ArrayList.java:1596)
... Removed 25 stack frames]]>
    </failure>
  </testcase> <!-- OrderRescheduling -->
  <testcase classname="base.BaseClass" name="@BeforeSuite setUp" time="0.0">
    <ignored/>
  </testcase> <!-- @BeforeSuite setUp -->
  <testcase classname="base.BaseClass" name="@AfterSuite tearDown" time="0.0">
    <ignored/>
  </testcase> <!-- @AfterSuite tearDown -->
</testsuite> <!-- Login Tests -->
