<?xml version="1.0" encoding="UTF-8"?>
<!-- Generated by org.testng.reporters.JUnitXMLReporter -->
<testsuite ignored="0" hostname="Dev-SurajP-TR5" failures="0" tests="6" name="Login Tests" time="18.417" errors="0" timestamp="2025-09-22T17:22:40 IST">
  <testcase classname="test.TC_001loginTest" name="login" time="1.99"/>
  <testcase classname="test.TC_001loginTest" name="login" time="1.023"/>
  <testcase classname="test.TC_001loginTest" name="login" time="1.029"/>
  <testcase classname="test.TC_001loginTest" name="login" time="0.969"/>
  <testcase classname="test.TC_001loginTest" name="login" time="1.221"/>
  <testcase classname="test.TC_001loginTest" name="login" time="1.236"/>
</testsuite> <!-- Login Tests -->
