<?xml version="1.0" encoding="UTF-8"?>
<testng-results ignored="0" total="7" passed="7" failed="0" skipped="0">
  <reporter-output>
  </reporter-output>
  <suite started-at="2025-12-05T11:52:17 IST" name="Default suite" finished-at="2025-12-05T11:52:27 IST" duration-ms="10610">
    <groups>
    </groups>
    <test started-at="2025-12-05T11:52:17 IST" name="Default test" finished-at="2025-12-05T11:52:27 IST" duration-ms="10610">
      <class name="test.TC_001loginTest">
        <test-method is-config="true" signature="setUp()[pri:0, instance:test.TC_001loginTest@7bedc48a]" started-at="2025-12-05T11:52:03 IST" name="setUp" finished-at="2025-12-05T11:52:17 IST" duration-ms="13909" status="PASS">
          <reporter-output>
          </reporter-output>
        </test-method> <!-- setUp -->
        <test-method signature="login(java.lang.String,java.lang.String,java.lang.String)[pri:0, instance:test.TC_001loginTest@7bedc48a]" started-at="2025-12-05T11:52:18 IST" name="login" data-provider="loginData" finished-at="2025-12-05T11:52:20 IST" duration-ms="1541" status="PASS">
          <params>
            <param index="0">
              <value>
                <![CDATA[]]>
              </value>
            </param>
            <param index="1">
              <value>
                <![CDATA[]]>
              </value>
            </param>
            <param index="2">
              <value>
                <![CDATA[Failure]]>
              </value>
            </param>
          </params>
          <reporter-output>
          </reporter-output>
        </test-method> <!-- login -->
        <test-method signature="login(java.lang.String,java.lang.String,java.lang.String)[pri:0, instance:test.TC_001loginTest@7bedc48a]" started-at="2025-12-05T11:52:20 IST" name="login" data-provider="loginData" finished-at="2025-12-05T11:52:20 IST" duration-ms="907" status="PASS">
          <params>
            <param index="0">
              <value>
                <![CDATA[]]>
              </value>
            </param>
            <param index="1">
              <value>
                <![CDATA[anyPassword]]>
              </value>
            </param>
            <param index="2">
              <value>
                <![CDATA[Failure]]>
              </value>
            </param>
          </params>
          <reporter-output>
          </reporter-output>
        </test-method> <!-- login -->
        <test-method signature="login(java.lang.String,java.lang.String,java.lang.String)[pri:0, instance:test.TC_001loginTest@7bedc48a]" started-at="2025-12-05T11:52:20 IST" name="login" data-provider="loginData" finished-at="2025-12-05T11:52:21 IST" duration-ms="825" status="PASS">
          <params>
            <param index="0">
              <value>
                <![CDATA[anyUser]]>
              </value>
            </param>
            <param index="1">
              <value>
                <![CDATA[]]>
              </value>
            </param>
            <param index="2">
              <value>
                <![CDATA[Failure]]>
              </value>
            </param>
          </params>
          <reporter-output>
          </reporter-output>
        </test-method> <!-- login -->
        <test-method signature="login(java.lang.String,java.lang.String,java.lang.String)[pri:0, instance:test.TC_001loginTest@7bedc48a]" started-at="2025-12-05T11:52:21 IST" name="login" data-provider="loginData" finished-at="2025-12-05T11:52:22 IST" duration-ms="841" status="PASS">
          <params>
            <param index="0">
              <value>
                <![CDATA[ ]]>
              </value>
            </param>
            <param index="1">
              <value>
                <![CDATA[ ]]>
              </value>
            </param>
            <param index="2">
              <value>
                <![CDATA[Failure]]>
              </value>
            </param>
          </params>
          <reporter-output>
          </reporter-output>
        </test-method> <!-- login -->
        <test-method signature="login(java.lang.String,java.lang.String,java.lang.String)[pri:0, instance:test.TC_001loginTest@7bedc48a]" started-at="2025-12-05T11:52:22 IST" name="login" data-provider="loginData" finished-at="2025-12-05T11:52:23 IST" duration-ms="950" status="PASS">
          <params>
            <param index="0">
              <value>
                <![CDATA[admin]]>
              </value>
            </param>
            <param index="1">
              <value>
                <![CDATA[wrongpass]]>
              </value>
            </param>
            <param index="2">
              <value>
                <![CDATA[Failure]]>
              </value>
            </param>
          </params>
          <reporter-output>
          </reporter-output>
        </test-method> <!-- login -->
        <test-method signature="login(java.lang.String,java.lang.String,java.lang.String)[pri:0, instance:test.TC_001loginTest@7bedc48a]" started-at="2025-12-05T11:52:23 IST" name="login" data-provider="loginData" finished-at="2025-12-05T11:52:24 IST" duration-ms="1214" status="PASS">
          <params>
            <param index="0">
              <value>
                <![CDATA[ADMIN]]>
              </value>
            </param>
            <param index="1">
              <value>
                <![CDATA[123456aA@]]>
              </value>
            </param>
            <param index="2">
              <value>
                <![CDATA[Failure]]>
              </value>
            </param>
          </params>
          <reporter-output>
          </reporter-output>
        </test-method> <!-- login -->
        <test-method signature="login(java.lang.String,java.lang.String,java.lang.String)[pri:0, instance:test.TC_001loginTest@7bedc48a]" started-at="2025-12-05T11:52:24 IST" name="login" data-provider="loginData" finished-at="2025-12-05T11:52:27 IST" duration-ms="2884" status="PASS">
          <params>
            <param index="0">
              <value>
                <![CDATA[admin]]>
              </value>
            </param>
            <param index="1">
              <value>
                <![CDATA[123456aA@]]>
              </value>
            </param>
            <param index="2">
              <value>
                <![CDATA[Success]]>
              </value>
            </param>
          </params>
          <reporter-output>
          </reporter-output>
        </test-method> <!-- login -->
        <test-method is-config="true" signature="tearDown()[pri:0, instance:test.TC_001loginTest@7bedc48a]" started-at="2025-12-05T11:52:27 IST" name="tearDown" finished-at="2025-12-05T11:52:27 IST" duration-ms="233" status="PASS">
          <reporter-output>
          </reporter-output>
        </test-method> <!-- tearDown -->
      </class> <!-- test.TC_001loginTest -->
    </test> <!-- Default test -->
  </suite> <!-- Default suite -->
</testng-results>
