<?xml version="1.0" encoding="UTF-8"?>
<testng-results ignored="0" total="8" passed="7" failed="1" skipped="0">
  <reporter-output>
  </reporter-output>
  <suite started-at="2025-11-26T14:57:20 IST" name="Automation Suite" finished-at="2025-11-26T14:57:31 IST" duration-ms="11666">
    <groups>
    </groups>
    <test started-at="2025-11-26T14:57:20 IST" name="Login Tests" finished-at="2025-11-26T14:57:31 IST" duration-ms="11666">
      <class name="test.TC_002OrderreScheduling">
        <test-method signature="OrderRescheduling()[pri:0, instance:test.TC_002OrderreScheduling@2a3591c5]" started-at="2025-11-26T14:57:31 IST" name="OrderRescheduling" finished-at="2025-11-26T14:57:31 IST" depends-on-methods="test.TC_001loginTest.login" duration-ms="7" status="FAIL">
          <exception class="java.lang.IllegalArgumentException">
            <message>
              <![CDATA[Driver must be set]]>
            </message>
            <full-stacktrace>
              <![CDATA[java.lang.IllegalArgumentException: Driver must be set
at org.openqa.selenium.internal.Require.nonNull(Require.java:61)
at org.openqa.selenium.interactions.Actions.<init>(Actions.java:59)
at utils.ActionUtil.<init>(ActionUtil.java:15)
at pages.OrderRescheduling.<init>(OrderRescheduling.java:14)
at test.TC_002OrderreScheduling.OrderRescheduling(TC_002OrderreScheduling.java:14)
at java.base/jdk.internal.reflect.DirectMethodHandleAccessor.invoke(DirectMethodHandleAccessor.java:103)
at java.base/java.lang.reflect.Method.invoke(Method.java:580)
at org.testng.internal.invokers.MethodInvocationHelper.invokeMethod(MethodInvocationHelper.java:141)
at org.testng.internal.invokers.TestInvoker.invokeMethod(TestInvoker.java:687)
at org.testng.internal.invokers.TestInvoker.invokeTestMethod(TestInvoker.java:230)
at org.testng.internal.invokers.MethodRunner.runInSequence(MethodRunner.java:63)
at org.testng.internal.invokers.TestInvoker$MethodInvocationAgent.invoke(TestInvoker.java:995)
at org.testng.internal.invokers.TestInvoker.invokeTestMethods(TestInvoker.java:203)
at org.testng.internal.invokers.TestMethodWorker.invokeTestMethods(TestMethodWorker.java:154)
at org.testng.internal.invokers.TestMethodWorker.run(TestMethodWorker.java:134)
at java.base/java.util.ArrayList.forEach(ArrayList.java:1596)
at org.testng.TestRunner.privateRun(TestRunner.java:741)
at org.testng.TestRunner.run(TestRunner.java:616)
at org.testng.SuiteRunner.runTest(SuiteRunner.java:421)
at org.testng.SuiteRunner.runSequentially(SuiteRunner.java:413)
at org.testng.SuiteRunner.privateRun(SuiteRunner.java:373)
at org.testng.SuiteRunner.run(SuiteRunner.java:312)
at org.testng.SuiteRunnerWorker.runSuite(SuiteRunnerWorker.java:52)
at org.testng.SuiteRunnerWorker.run(SuiteRunnerWorker.java:95)
at org.testng.TestNG.runSuitesSequentially(TestNG.java:1274)
at org.testng.TestNG.runSuitesLocally(TestNG.java:1208)
at org.testng.TestNG.runSuites(TestNG.java:1112)
at org.testng.TestNG.run(TestNG.java:1079)
at org.testng.remote.AbstractRemoteTestNG.run(AbstractRemoteTestNG.java:115)
at org.testng.remote.RemoteTestNG.initAndRun(RemoteTestNG.java:293)
at org.testng.remote.RemoteTestNG.main(RemoteTestNG.java:91)
]]>
            </full-stacktrace>
          </exception> <!-- java.lang.IllegalArgumentException -->
          <reporter-output>
          </reporter-output>
        </test-method> <!-- OrderRescheduling -->
      </class> <!-- test.TC_002OrderreScheduling -->
      <class name="test.TC_001loginTest">
        <test-method is-config="true" signature="setUp()[pri:0, instance:test.TC_001loginTest@7a48e6e2]" started-at="2025-11-26T14:57:12 IST" name="setUp" finished-at="2025-11-26T14:57:20 IST" duration-ms="7713" status="PASS">
          <reporter-output>
          </reporter-output>
        </test-method> <!-- setUp -->
        <test-method signature="login(java.lang.String,java.lang.String,java.lang.String)[pri:0, instance:test.TC_001loginTest@7a48e6e2]" started-at="2025-11-26T14:57:21 IST" name="login" data-provider="loginData" finished-at="2025-11-26T14:57:22 IST" duration-ms="1431" status="PASS">
          <params>
            <param index="0">
              <value>
                <![CDATA[]]>
              </value>
            </param>
            <param index="1">
              <value>
                <![CDATA[]]>
              </value>
            </param>
            <param index="2">
              <value>
                <![CDATA[Failure]]>
              </value>
            </param>
          </params>
          <reporter-output>
          </reporter-output>
        </test-method> <!-- login -->
        <test-method signature="login(java.lang.String,java.lang.String,java.lang.String)[pri:0, instance:test.TC_001loginTest@7a48e6e2]" started-at="2025-11-26T14:57:22 IST" name="login" data-provider="loginData" finished-at="2025-11-26T14:57:23 IST" duration-ms="972" status="PASS">
          <params>
            <param index="0">
              <value>
                <![CDATA[]]>
              </value>
            </param>
            <param index="1">
              <value>
                <![CDATA[anyPassword]]>
              </value>
            </param>
            <param index="2">
              <value>
                <![CDATA[Failure]]>
              </value>
            </param>
          </params>
          <reporter-output>
          </reporter-output>
        </test-method> <!-- login -->
        <test-method signature="login(java.lang.String,java.lang.String,java.lang.String)[pri:0, instance:test.TC_001loginTest@7a48e6e2]" started-at="2025-11-26T14:57:23 IST" name="login" data-provider="loginData" finished-at="2025-11-26T14:57:24 IST" duration-ms="1033" status="PASS">
          <params>
            <param index="0">
              <value>
                <![CDATA[anyUser]]>
              </value>
            </param>
            <param index="1">
              <value>
                <![CDATA[]]>
              </value>
            </param>
            <param index="2">
              <value>
                <![CDATA[Failure]]>
              </value>
            </param>
          </params>
          <reporter-output>
          </reporter-output>
        </test-method> <!-- login -->
        <test-method signature="login(java.lang.String,java.lang.String,java.lang.String)[pri:0, instance:test.TC_001loginTest@7a48e6e2]" started-at="2025-11-26T14:57:24 IST" name="login" data-provider="loginData" finished-at="2025-11-26T14:57:25 IST" duration-ms="1042" status="PASS">
          <params>
            <param index="0">
              <value>
                <![CDATA[ ]]>
              </value>
            </param>
            <param index="1">
              <value>
                <![CDATA[ ]]>
              </value>
            </param>
            <param index="2">
              <value>
                <![CDATA[Failure]]>
              </value>
            </param>
          </params>
          <reporter-output>
          </reporter-output>
        </test-method> <!-- login -->
        <test-method signature="login(java.lang.String,java.lang.String,java.lang.String)[pri:0, instance:test.TC_001loginTest@7a48e6e2]" started-at="2025-11-26T14:57:25 IST" name="login" data-provider="loginData" finished-at="2025-11-26T14:57:26 IST" duration-ms="1208" status="PASS">
          <params>
            <param index="0">
              <value>
                <![CDATA[admin]]>
              </value>
            </param>
            <param index="1">
              <value>
                <![CDATA[wrongpass]]>
              </value>
            </param>
            <param index="2">
              <value>
                <![CDATA[Failure]]>
              </value>
            </param>
          </params>
          <reporter-output>
          </reporter-output>
        </test-method> <!-- login -->
        <test-method signature="login(java.lang.String,java.lang.String,java.lang.String)[pri:0, instance:test.TC_001loginTest@7a48e6e2]" started-at="2025-11-26T14:57:26 IST" name="login" data-provider="loginData" finished-at="2025-11-26T14:57:28 IST" duration-ms="1252" status="PASS">
          <params>
            <param index="0">
              <value>
                <![CDATA[ADMIN]]>
              </value>
            </param>
            <param index="1">
              <value>
                <![CDATA[123456aA@]]>
              </value>
            </param>
            <param index="2">
              <value>
                <![CDATA[Failure]]>
              </value>
            </param>
          </params>
          <reporter-output>
          </reporter-output>
        </test-method> <!-- login -->
        <test-method signature="login(java.lang.String,java.lang.String,java.lang.String)[pri:0, instance:test.TC_001loginTest@7a48e6e2]" started-at="2025-11-26T14:57:28 IST" name="login" data-provider="loginData" finished-at="2025-11-26T14:57:31 IST" duration-ms="3266" status="PASS">
          <params>
            <param index="0">
              <value>
                <![CDATA[admin]]>
              </value>
            </param>
            <param index="1">
              <value>
                <![CDATA[123456aA@]]>
              </value>
            </param>
            <param index="2">
              <value>
                <![CDATA[Success]]>
              </value>
            </param>
          </params>
          <reporter-output>
          </reporter-output>
        </test-method> <!-- login -->
        <test-method is-config="true" signature="tearDown()[pri:0, instance:test.TC_001loginTest@7a48e6e2]" started-at="2025-11-26T14:57:32 IST" name="tearDown" finished-at="2025-11-26T14:57:32 IST" duration-ms="376" status="PASS">
          <reporter-output>
          </reporter-output>
        </test-method> <!-- tearDown -->
      </class> <!-- test.TC_001loginTest -->
    </test> <!-- Login Tests -->
  </suite> <!-- Automation Suite -->
</testng-results>
