<?xml version="1.0" encoding="UTF-8"?>
<!-- Generated by org.testng.reporters.JUnitReportReporter -->
<testsuite hostname="Dev-SurajP-TR5" failures="0" tests="7" name="test.TC_001loginTest" time="9.162" errors="0" timestamp="2025-12-05T11:52:27 IST" skipped="0">
  <testcase classname="test.TC_001loginTest" name="login" time="0.907"/>
  <testcase classname="test.TC_001loginTest" name="login" time="0.825"/>
  <testcase classname="test.TC_001loginTest" name="login" time="1.214"/>
  <testcase classname="test.TC_001loginTest" name="login" time="2.884"/>
  <testcase classname="test.TC_001loginTest" name="login" time="1.541"/>
  <testcase classname="test.TC_001loginTest" name="login" time="0.841"/>
  <testcase classname="test.TC_001loginTest" name="login" time="0.950"/>
</testsuite> <!-- test.TC_001loginTest -->
