<?xml version="1.0" encoding="UTF-8"?>
<!-- Generated by org.testng.reporters.JUnitReportReporter -->
<testsuite hostname="Dev-SurajP-TR5" failures="0" tests="7" name="test.TC_001loginTest" time="9.630" errors="0" timestamp="2025-09-29T12:40:47 IST" skipped="0">
  <testcase classname="test.TC_001loginTest" name="login" time="0.882"/>
  <testcase classname="test.TC_001loginTest" name="login" time="0.837"/>
  <testcase classname="test.TC_001loginTest" name="login" time="3.072"/>
  <testcase classname="test.TC_001loginTest" name="login" time="0.834"/>
  <testcase classname="test.TC_001loginTest" name="login" time="0.973"/>
  <testcase classname="test.TC_001loginTest" name="login" time="1.309"/>
  <testcase classname="test.TC_001loginTest" name="login" time="1.723"/>
</testsuite> <!-- test.TC_001loginTest -->
